Downloading Web SDK...                                           2,433ms
Resolving dependencies...
Downloading packages...
  characters 1.4.0 (1.4.1 available)
  material_color_utilities 0.11.1 (0.13.0 available)
  test_api 0.7.7 (0.7.8 available)
These packages are no longer being depended on:
- _fe_analyzer_shared 91.0.0
- analyzer 8.4.1
- args 2.7.0
- build 4.0.2
- build_config 1.2.0
- build_daemon 4.1.1
- build_runner 2.10.3
- built_collection 5.1.1
- built_value 8.12.0
- checked_yaml 2.0.4
- code_builder 4.11.0
- convert 3.1.2
- crypto 3.0.7
- dart_style 3.1.3
- file 7.0.1
- fixnum 1.1.1
- glob 2.1.3
- graphs 2.3.2
- http 1.6.0
- http_multi_server 3.2.2
- http_parser 4.1.2
- io 1.0.5
- json_annotation 4.9.0
- logging 1.3.0
- mime 2.0.0
- mockito 5.5.1
- package_config 2.2.0
- pool 1.5.2
- pub_semver 2.2.0
- pubspec_parse 1.5.0
- shelf 1.4.2
- shelf_web_socket 3.0.0
- source_gen 4.1.0
- stream_transform 2.1.1
- typed_data 1.4.0
- watcher 1.1.4
- web 1.1.1
- web_socket 1.0.1
- web_socket_channel 3.0.3
- yaml 3.1.3
Changed 40 dependencies!
3 packages have newer versions incompatible with dependency constraints.
Try `flutter pub outdated` for more information.
This application is not configured to build on the web.
To add web support to a project, run `flutter create .`.
Launching lib/main.dart on Web Server in debug mode...
Waiting for connection from debug service on Web Server...         32.9s
lib/main.dart is being served at http://localhost:43249
The web-server device requires the Dart Debug Chrome extension for debugging. Consider using the Chrome or Edge devices for an improved development workflow.

Flutter run key commands.
r Hot reload. 🔥🔥🔥
R Hot restart.
h List all available interactive commands.
d Detach (terminate "flutter run" but leave application running).
c Clear the screen
q Quit (terminate the application on the device).

Debug service listening on ws://127.0.0.1:44456/8WfJWid8NFE=
A Dart VM Service on Web Server is available at: http://127.0.0.1:44456/8WfJWid8NFE=
